<?xml version="1.0" encoding="UTF-8"?>
<!-- Generated by org.testng.reporters.JUnitXMLReporter -->
<testsuite hostname="MADANK-W01" ignored="16" name="RegressionTest" tests="2" failures="2" timestamp="10 Jan 2019 07:56:24 GMT" time="4.775" errors="0">
  <testcase name="publicationElementVerfication" time="0.464" classname="Flows.NextGenAuthoring_ObjectManipulation">
    <failure type="java.lang.AssertionError" message="Assertion Inside Catch expected [true] but found [false]">
      <![CDATA[java.lang.AssertionError: Assertion Inside Catch expected [true] but found [false]
at Keywords.KeywordRepository.loadURL(KeywordRepository.java:410)
at Keywords.NextGenAuthoringKeywords.LoginNextGenAuthoring(NextGenAuthoringKeywords.java:29)
at Flows.NextGenAuthoring_ObjectManipulation.publicationElementVerfication(NextGenAuthoring_ObjectManipulation.java:266)
... Removed 28 stack frames]]>
    </failure>
  </testcase> <!-- publicationElementVerfication -->
  <testcase name="authoringElementManipulation_Task" time="0.076" classname="Flows.NextGenAuthoring_ObjectManipulation">
    <failure type="java.lang.AssertionError" message="Assertion Inside Catch expected [true] but found [false]">
      <![CDATA[java.lang.AssertionError: Assertion Inside Catch expected [true] but found [false]
at Keywords.KeywordRepository.loadURL(KeywordRepository.java:410)
at Keywords.NextGenAuthoringKeywords.LoginNextGenAuthoring(NextGenAuthoringKeywords.java:29)
at Flows.NextGenAuthoring_ObjectManipulation.authoringElementManipulation_Task(NextGenAuthoring_ObjectManipulation.java:307)
... Removed 28 stack frames]]>
    </failure>
  </testcase> <!-- authoringElementManipulation_Task -->
  <testcase name="InsertExistingTopicTroubleshooting" time="0.0" classname="Flows.NextGenAuthoring_ObjectManipulation">
    <ignored/>
  </testcase> <!-- InsertExistingTopicTroubleshooting -->
  <testcase name="MapMetadataForm" time="0.0" classname="Flows.NextGenAuthoring_ObjectManipulation">
    <ignored/>
  </testcase> <!-- MapMetadataForm -->
  <testcase name="advancedAuthoringDITA" time="0.0" classname="Flows.NextGenAuthoring_ObjectManipulation">
    <ignored/>
  </testcase> <!-- advancedAuthoringDITA -->
  <testcase name="InsertNewTopicTroubleshooting" time="0.0" classname="Flows.NextGenAuthoring_ObjectManipulation">
    <ignored/>
  </testcase> <!-- InsertNewTopicTroubleshooting -->
  <testcase name="authoringElementManipulation_Reference" time="0.0" classname="Flows.NextGenAuthoring_ObjectManipulation">
    <ignored/>
  </testcase> <!-- authoringElementManipulation_Reference -->
  <testcase name="InsertExistingTopicReference" time="0.0" classname="Flows.NextGenAuthoring_ObjectManipulation">
    <ignored/>
  </testcase> <!-- InsertExistingTopicReference -->
  <testcase name="ContentReuse" time="0.0" classname="Flows.NextGenAuthoring_ObjectManipulation">
    <ignored/>
  </testcase> <!-- ContentReuse -->
  <testcase name="InsertExistingTopicTask" time="0.0" classname="Flows.NextGenAuthoring_ObjectManipulation">
    <ignored/>
  </testcase> <!-- InsertExistingTopicTask -->
  <testcase name="InsertNewTopicConcept" time="0.0" classname="Flows.NextGenAuthoring_ObjectManipulation">
    <ignored/>
  </testcase> <!-- InsertNewTopicConcept -->
  <testcase name="TablesAndImages" time="0.0" classname="Flows.NextGenAuthoring_ObjectManipulation">
    <ignored/>
  </testcase> <!-- TablesAndImages -->
  <testcase name="authoringDITA" time="0.0" classname="Flows.NextGenAuthoring_ObjectManipulation">
    <ignored/>
  </testcase> <!-- authoringDITA -->
  <testcase name="InsertNewTopicTask" time="0.0" classname="Flows.NextGenAuthoring_ObjectManipulation">
    <ignored/>
  </testcase> <!-- InsertNewTopicTask -->
  <testcase name="InsertNewTopicReference" time="0.0" classname="Flows.NextGenAuthoring_ObjectManipulation">
    <ignored/>
  </testcase> <!-- InsertNewTopicReference -->
  <testcase name="InsertExistingTopicConcept" time="0.0" classname="Flows.NextGenAuthoring_ObjectManipulation">
    <ignored/>
  </testcase> <!-- InsertExistingTopicConcept -->
  <testcase name="authoringElementManipulation_Concept" time="0.0" classname="Flows.NextGenAuthoring_ObjectManipulation">
    <ignored/>
  </testcase> <!-- authoringElementManipulation_Concept -->
  <testcase name="CommentingAndLockingTopics" time="0.0" classname="Flows.NextGenAuthoring_ObjectManipulation">
    <ignored/>
  </testcase> <!-- CommentingAndLockingTopics -->
</testsuite> <!-- RegressionTest -->
