<?xml version="1.0" encoding="UTF-8"?>
<!-- Generated by org.testng.reporters.JUnitXMLReporter -->
<testsuite hostname="MADANK-W01" ignored="0" name="Default test" tests="3" failures="0" timestamp="25 Sep 2018 07:12:41 GMT" time="0.028" errors="0">
  <testcase name="FirstTestCase" time="0.007" classname="Flows.LoginLogout2"/>
  <testcase name="SecondTestCase" time="0.001" classname="Flows.LoginLogout2"/>
  <testcase name="ThirdTestCase" time="0.001" classname="Flows.LoginLogout2"/>
</testsuite> <!-- Default test -->
