<?xml version="1.0" encoding="UTF-8"?>
<!-- Generated by org.testng.reporters.JUnitXMLReporter -->
<testsuite hostname="USMUMKAMADAN3" ignored="0" name="Test" tests="9" failures="0" timestamp="11 Jul 2018 06:44:22 GMT" time="0.078" errors="0">
  <testcase name="FirstTestCase" time="0.019" classname="Flows.LoginLogout"/>
  <testcase name="SecondTestCase" time="0.001" classname="Flows.LoginLogout"/>
  <testcase name="ThirdTestCase" time="0.002" classname="Flows.LoginLogout"/>
  <testcase name="FirstTestCase" time="0.003" classname="Flows.LoginLogout3"/>
  <testcase name="SecondTestCase" time="0.001" classname="Flows.LoginLogout3"/>
  <testcase name="ThirdTestCase" time="0.002" classname="Flows.LoginLogout3"/>
  <testcase name="FirstTestCase" time="0.001" classname="Flows.LoginLogout2"/>
  <testcase name="SecondTestCase" time="0.001" classname="Flows.LoginLogout2"/>
  <testcase name="ThirdTestCase" time="0.002" classname="Flows.LoginLogout2"/>
</testsuite> <!-- Test -->
